Looking for git in: git
Using git 1.8.3.1 from git
> git rev-parse --show-toplevel
> git rev-parse --git-dir
Open repository: /root/frontend
> git status -z -u
> git symbolic-ref --short HEAD
> git rev-parse master
> git rev-parse --symbolic-full-name master@{u}
error: No upstream configured for branch 'master'
error: No upstream configured for branch 'master'
fatal: ambiguous argument 'master@{u}': unknown revision or path not in the working tree.
Use '--' to separate paths from revisions, like this:
'git <command> [<revision>...] -- [<file>...]'
> git for-each-ref --format %(refname) %(objectname) --sort -committerdate
> git remote --verbose
> git config --get commit.template
> git check-ignore -v -z --stdin
> git show :Dockerfile.dev
> git ls-files --stage -- /root/frontend/Dockerfile.dev
> git check-ignore -v -z --stdin
> git status -z -u
> git symbolic-ref --short HEAD
> git rev-parse master
> git rev-parse --symbolic-full-name master@{u}
error: No upstream configured for branch 'master'
error: No upstream configured for branch 'master'
fatal: ambiguous argument 'master@{u}': unknown revision or path not in the working tree.
Use '--' to separate paths from revisions, like this:
'git <command> [<revision>...] -- [<file>...]'
> git for-each-ref --format %(refname) %(objectname) --sort -committerdate
> git remote --verbose
> git config --get commit.template
> git status -z -u
> git symbolic-ref --short HEAD
> git rev-parse master
> git rev-parse --symbolic-full-name master@{u}
error: No upstream configured for branch 'master'
error: No upstream configured for branch 'master'
fatal: ambiguous argument 'master@{u}': unknown revision or path not in the working tree.
Use '--' to separate paths from revisions, like this:
'git <command> [<revision>...] -- [<file>...]'
> git for-each-ref --format %(refname) %(objectname) --sort -committerdate
> git remote --verbose
> git config --get commit.template
> git check-ignore -v -z --stdin
> git show :src/index.js
> git ls-files --stage -- /root/frontend/src/index.js
> git cat-file -s f5185c1ec7a5dccf30b55a8e3f89afc3eca764a1
> git show :src/App.js
> git ls-files --stage -- /root/frontend/src/App.js
> git cat-file -s ce9cbd2946d6962cfc19d65c8cb91757d8f4d4c6
> git status -z -u
> git symbolic-ref --short HEAD
> git rev-parse master
> git rev-parse --symbolic-full-name master@{u}
error: No upstream configured for branch 'master'
error: No upstream configured for branch 'master'
fatal: ambiguous argument 'master@{u}': unknown revision or path not in the working tree.
Use '--' to separate paths from revisions, like this:
'git <command> [<revision>...] -- [<file>...]'
> git for-each-ref --format %(refname) %(objectname) --sort -committerdate
> git remote --verbose
> git config --get commit.template
> git show :Dockerfile.dev
> git ls-files --stage -- /root/frontend/Dockerfile.dev
> git show :src/App.js
> git ls-files --stage -- /root/frontend/src/App.js
> git cat-file -s ce9cbd2946d6962cfc19d65c8cb91757d8f4d4c6
> git check-ignore -v -z --stdin
> git show :package.json
> git ls-files --stage -- /root/frontend/package.json
> git cat-file -s 8a04ba41b2c87392495fc3ea6d44a5ce75ca21ea
> git show :src/index.css
> git ls-files --stage -- /root/frontend/src/index.css
> git cat-file -s ec2585e8c0bb8188184ed1e0703c4c8f2a8419b0
> git show :src/App.css
> git ls-files --stage -- /root/frontend/src/App.css
> git cat-file -s 74b5e053450a48a6bdb4d71aad648e7af821975c
> git show :src/App.js
> git ls-files --stage -- /root/frontend/src/App.js
> git cat-file -s ce9cbd2946d6962cfc19d65c8cb91757d8f4d4c6
> git status -z -u
> git symbolic-ref --short HEAD
> git rev-parse master
> git rev-parse --symbolic-full-name master@{u}
error: No upstream configured for branch 'master'
error: No upstream configured for branch 'master'
fatal: ambiguous argument 'master@{u}': unknown revision or path not in the working tree.
Use '--' to separate paths from revisions, like this:
'git <command> [<revision>...] -- [<file>...]'
> git for-each-ref --format %(refname) %(objectname) --sort -committerdate
> git remote --verbose
> git config --get commit.template
> git ls-files --stage -- /root/frontend/src/App.js
> git cat-file -s ce9cbd2946d6962cfc19d65c8cb91757d8f4d4c6
> git show :src/App.js
> git status -z -u
> git symbolic-ref --short HEAD
> git rev-parse master
> git rev-parse --symbolic-full-name master@{u}
error: No upstream configured for branch 'master'
error: No upstream configured for branch 'master'
fatal: ambiguous argument 'master@{u}': unknown revision or path not in the working tree.
Use '--' to separate paths from revisions, like this:
'git <command> [<revision>...] -- [<file>...]'
> git for-each-ref --format %(refname) %(objectname) --sort -committerdate
> git remote --verbose
> git config --get commit.template
> git check-ignore -v -z --stdin
> git status -z -u
> git symbolic-ref --short HEAD
> git rev-parse master
> git rev-parse --symbolic-full-name master@{u}
error: No upstream configured for branch 'master'
error: No upstream configured for branch 'master'
fatal: ambiguous argument 'master@{u}': unknown revision or path not in the working tree.
Use '--' to separate paths from revisions, like this:
'git <command> [<revision>...] -- [<file>...]'
> git for-each-ref --format %(refname) %(objectname) --sort -committerdate
> git remote --verbose
> git show :src/.travis.yml
> git ls-files --stage -- /root/frontend/src/.travis.yml
> git config --get commit.template
> git status -z -u
> git symbolic-ref --short HEAD
> git rev-parse master
> git rev-parse --symbolic-full-name master@{u}
error: No upstream configured for branch 'master'
error: No upstream configured for branch 'master'
fatal: ambiguous argument 'master@{u}': unknown revision or path not in the working tree.
Use '--' to separate paths from revisions, like this:
'git <command> [<revision>...] -- [<file>...]'
> git for-each-ref --format %(refname) %(objectname) --sort -committerdate
> git remote --verbose
> git config --get commit.template
> git status -z -u
> git symbolic-ref --short HEAD
> git rev-parse master
> git rev-parse --symbolic-full-name master@{u}
error: No upstream configured for branch 'master'
error: No upstream configured for branch 'master'
fatal: ambiguous argument 'master@{u}': unknown revision or path not in the working tree.
Use '--' to separate paths from revisions, like this:
'git <command> [<revision>...] -- [<file>...]'
> git for-each-ref --format %(refname) %(objectname) --sort -committerdate
> git remote --verbose
> git config --get commit.template
> git status -z -u
> git symbolic-ref --short HEAD
> git rev-parse master
> git rev-parse --symbolic-full-name master@{u}
error: No upstream configured for branch 'master'
error: No upstream configured for branch 'master'
fatal: ambiguous argument 'master@{u}': unknown revision or path not in the working tree.
Use '--' to separate paths from revisions, like this:
'git <command> [<revision>...] -- [<file>...]'
> git for-each-ref --format %(refname) %(objectname) --sort -committerdate
> git remote --verbose
> git config --get commit.template
> git status -z -u
> git symbolic-ref --short HEAD
> git rev-parse master
> git rev-parse --symbolic-full-name master@{u}
error: No upstream configured for branch 'master'
error: No upstream configured for branch 'master'
fatal: ambiguous argument 'master@{u}': unknown revision or path not in the working tree.
Use '--' to separate paths from revisions, like this:
'git <command> [<revision>...] -- [<file>...]'
> git for-each-ref --format %(refname) %(objectname) --sort -committerdate
> git remote --verbose
> git config --get commit.template
