Looking for git in: git
Using git 1.8.3.1 from git
> git rev-parse --show-toplevel
> git rev-parse --git-dir
Open repository: /root/frontend
> git status -z -u
> git symbolic-ref --short HEAD
> git rev-parse master
> git rev-parse --symbolic-full-name master@{u}
error: No upstream configured for branch 'master'
error: No upstream configured for branch 'master'
fatal: ambiguous argument 'master@{u}': unknown revision or path not in the working tree.
Use '--' to separate paths from revisions, like this:
'git <command> [<revision>...] -- [<file>...]'
> git for-each-ref --format %(refname) %(objectname) --sort -committerdate
> git remote --verbose
> git config --get commit.template
> git check-ignore -v -z --stdin
> git show :.gitignore
> git ls-files --stage -- /root/frontend/.gitignore
> git cat-file -s 4d29575de80483b005c29bfcac5061cd2f45313e
> git status -z -u
> git symbolic-ref --short HEAD
> git rev-parse master
> git rev-parse --symbolic-full-name master@{u}
error: No upstream configured for branch 'master'
error: No upstream configured for branch 'master'
fatal: ambiguous argument 'master@{u}': unknown revision or path not in the working tree.
Use '--' to separate paths from revisions, like this:
'git <command> [<revision>...] -- [<file>...]'
> git for-each-ref --format %(refname) %(objectname) --sort -committerdate
> git remote --verbose
> git config --get commit.template
> git check-ignore -v -z --stdin
> git status -z -u
> git symbolic-ref --short HEAD
> git show :Dockerfile.dev
> git ls-files --stage -- /root/frontend/Dockerfile.dev
> git rev-parse master
> git rev-parse --symbolic-full-name master@{u}
error: No upstream configured for branch 'master'
error: No upstream configured for branch 'master'
fatal: ambiguous argument 'master@{u}': unknown revision or path not in the working tree.
Use '--' to separate paths from revisions, like this:
'git <command> [<revision>...] -- [<file>...]'
> git for-each-ref --format %(refname) %(objectname) --sort -committerdate
> git remote --verbose
> git config --get commit.template
> git status -z -u
> git symbolic-ref --short HEAD
> git rev-parse master
> git rev-parse --symbolic-full-name master@{u}
error: No upstream configured for branch 'master'
error: No upstream configured for branch 'master'
fatal: ambiguous argument 'master@{u}': unknown revision or path not in the working tree.
Use '--' to separate paths from revisions, like this:
'git <command> [<revision>...] -- [<file>...]'
> git for-each-ref --format %(refname) %(objectname) --sort -committerdate
> git remote --verbose
> git config --get commit.template
> git show :README.old.md
> git ls-files --stage -- /root/frontend/README.old.md
> git show :Dockerfile.dev
> git ls-files --stage -- /root/frontend/Dockerfile.dev
